2018-03-30 20:09:30,726 - app - INFO - dashboard, shop: Living in the Cut
2018-03-30 20:18:10,824 - app - INFO - dashboard, shop: Living in the Cut
2018-03-30 20:18:13,041 - app - INFO - dashboard, shop: Living in the Cut
2018-03-30 20:22:31,589 - app - INFO - dashboard, shop: Living in the Cut
2018-03-30 20:22:33,165 - app - INFO - dashboard, shop: Living in the Cut
2018-03-30 20:25:52,602 - app - INFO - dashboard, shop: Living in the Cut
2018-03-30 20:25:54,376 - app - INFO - dashboard, shop: Living in the Cut
2018-03-30 20:30:39,963 - app - INFO - dashboard, shop: Living in the Cut
2018-03-30 20:30:41,114 - app - INFO - dashboard, shop: Living in the Cut
2018-03-30 20:30:42,903 - app - INFO - dashboard, shop: Living in the Cut
2018-03-30 20:32:56,209 - app - INFO - dashboard, shop: Living in the Cut
2018-03-30 20:32:58,626 - app - INFO - dashboard, shop: Living in the Cut
2018-03-30 20:32:59,823 - app - INFO - dashboard, shop: Living in the Cut
2018-03-30 20:33:16,196 - app - INFO - dashboard, shop: Living in the Cut
2018-03-30 20:34:28,918 - app - INFO - Attempting to book slot: 04-05-18 11:40, shop_id: 1
2018-03-30 20:36:36,140 - app - INFO - dashboard, shop: Living in the Cut
2018-03-30 20:36:40,916 - app - INFO - dashboard, shop: Living in the Cut
2018-03-30 20:36:43,283 - app - INFO - dashboard, shop: Living in the Cut
2018-03-30 20:36:56,367 - app - INFO - Attempting to book slot: 04-02-18 12:00, shop_id: 1
2018-03-30 20:36:57,882 - app - INFO - Appointment slot 0 scheduled: None
2018-03-30 20:36:59,351 - app - INFO - dashboard, shop: Living in the Cut
2018-03-30 20:39:45,966 - app - INFO - Attempting to book slot: 04/05/18 12:40, shop_id: None
2018-03-30 20:41:16,276 - app - INFO - dashboard, shop: Living in the Cut
2018-03-30 20:41:39,098 - app - INFO - Attempting to book slot: 04-04-18 16:20, shop_id: 1
2018-03-30 20:45:03,075 - app - INFO - Appointment slot 0 scheduled for employee: 22
2018-03-30 20:53:42,482 - app - INFO - dashboard, shop: Living in the Cut
2018-03-30 20:53:48,419 - app - INFO - dashboard, shop: Living in the Cut
2018-03-31 19:22:44,831 - app - INFO - Attempting to book slot: 04/02/18 11:40, shop_id: None
2018-03-31 19:34:25,250 - app - INFO - dashboard, shop: Living in the Cut
2018-03-31 19:34:34,530 - app - INFO - dashboard, shop: Living in the Cut
2018-03-31 19:42:20,306 - app - INFO - dashboard, shop: Living in the Cut
2018-03-31 19:48:02,004 - app - INFO - dashboard, shop: Living in the Cut
2018-04-01 20:55:47,383 - app - INFO - Attempting to book slot: 04/03/18 11:40, shop_id: None
2018-04-01 20:56:29,043 - app - INFO - dashboard, shop: Living in the Cut
2018-04-01 20:56:31,084 - app - INFO - dashboard, shop: Living in the Cut
2018-04-01 20:56:33,228 - app - INFO - dashboard, shop: Living in the Cut
2018-04-01 20:56:59,662 - app - INFO - Attempting to book slot: 04-02-18 11:40, shop_id: 1
2018-04-01 20:57:01,242 - app - INFO - Appointment slot 0 scheduled for employee: 23
2018-04-01 20:57:01,242 - app - INFO - Appointment slot 1 scheduled for employee: 23
2018-04-01 20:57:02,533 - app - INFO - dashboard, shop: Living in the Cut
2018-04-01 20:58:56,364 - app - INFO - dashboard, shop: Living in the Cut
2018-04-01 21:27:21,139 - app - INFO - dashboard, shop: Living in the Cut
2018-04-02 16:53:47,036 - app - INFO - dashboard, shop: Living in the Cut
2018-04-02 16:53:47,968 - app - INFO - dashboard, shop: Living in the Cut
2018-04-02 16:55:20,901 - app - INFO - dashboard, shop: Living in the Cut
2018-04-02 16:55:21,294 - app - INFO - dashboard, shop: Living in the Cut
2018-04-02 16:55:40,793 - app - INFO - Attempting to book slot: 04-05-18 16:00, shop_id: 1
2018-04-02 16:55:48,234 - app - INFO - Appointment slot 0 scheduled for employee: 22
2018-04-02 18:05:11,547 - app - INFO - dashboard, shop: Living in the Cut
2018-04-02 18:11:10,705 - app - INFO - dashboard, shop: Living in the Cut
2018-04-02 19:13:44,235 - app - INFO - dashboard, shop: Living in the Cut
2018-04-02 19:15:33,894 - app - INFO - dashboard, shop: Living in the Cut
2018-04-02 19:36:32,550 - app - INFO - dashboard, shop: Living in the Cut
2018-04-02 19:50:15,394 - app - INFO - dashboard, shop: Living in the Cut
2018-04-02 19:54:44,823 - app - INFO - dashboard, shop: Living in the Cut
2018-04-02 19:56:48,151 - app - INFO - dashboard, shop: Living in the Cut
2018-04-02 19:58:36,463 - app - INFO - dashboard, shop: Living in the Cut
2018-04-02 20:02:58,154 - app - INFO - dashboard, shop: Living in the Cut
2018-04-02 20:03:44,296 - app - INFO - dashboard, shop: Living in the Cut
2018-04-02 20:07:00,065 - app - INFO - dashboard, shop: Living in the Cut
2018-04-02 20:09:58,630 - app - INFO - dashboard, shop: Living in the Cut
2018-04-02 20:39:57,085 - app - INFO - dashboard, shop: Living in the Cut
2018-04-02 21:27:24,543 - app - INFO - dashboard, shop: Living in the Cut
2018-04-02 21:29:25,231 - app - INFO - dashboard, shop: Living in the Cut
2018-04-02 21:29:27,175 - app - INFO - dashboard, shop: Living in the Cut
2018-04-02 21:32:08,482 - app - INFO - dashboard, shop: Living in the Cut
2018-04-02 21:32:11,006 - app - INFO - dashboard, shop: Living in the Cut
2018-04-02 21:32:31,174 - app - INFO - dashboard, shop: Living in the Cut
2018-04-02 21:32:32,103 - app - INFO - dashboard, shop: Living in the Cut
2018-04-02 21:33:40,092 - app - INFO - dashboard, shop: Living in the Cut
2018-04-02 21:33:48,999 - app - INFO - dashboard, shop: Living in the Cut
2018-04-02 21:33:53,418 - app - INFO - dashboard, shop: Living in the Cut
2018-04-02 21:33:59,353 - app - INFO - dashboard, shop: Living in the Cut
2018-04-02 21:34:01,681 - app - INFO - dashboard, shop: Living in the Cut
2018-04-02 21:34:05,526 - app - INFO - dashboard, shop: Living in the Cut
2018-04-02 21:34:08,076 - app - INFO - dashboard, shop: Living in the Cut
2018-04-02 21:34:09,754 - app - INFO - dashboard, shop: Living in the Cut
2018-04-02 21:35:45,872 - app - INFO - dashboard, shop: Living in the Cut
2018-04-02 21:36:58,515 - app - INFO - dashboard, shop: Living in the Cut
2018-04-02 21:38:07,809 - app - INFO - dashboard, shop: Living in the Cut
2018-04-02 21:39:12,147 - app - INFO - dashboard, shop: Living in the Cut
2018-04-02 21:39:30,636 - app - INFO - dashboard, shop: Living in the Cut
2018-04-02 21:41:47,804 - app - INFO - dashboard, shop: Living in the Cut
2018-04-02 21:45:30,685 - app - INFO - dashboard, shop: Living in the Cut
2018-04-02 21:45:35,658 - app - INFO - dashboard, shop: Living in the Cut
2018-04-02 21:45:41,042 - app - INFO - dashboard, shop: Living in the Cut
2018-04-02 21:46:01,928 - app - INFO - dashboard, shop: Living in the Cut
2018-04-02 21:46:03,436 - app - INFO - dashboard, shop: Living in the Cut
2018-04-02 21:46:21,979 - app - INFO - Attempting to book slot: 04-20-18 13:40, shop_id: 1
2018-04-02 21:46:23,345 - app - INFO - Appointment slot 0 scheduled for employee: 23
2018-04-02 21:46:24,787 - app - INFO - dashboard, shop: Living in the Cut
2018-04-02 21:46:31,226 - app - INFO - dashboard, shop: Living in the Cut
2018-04-02 21:50:05,964 - app - INFO - dashboard, shop: Living in the Cut
2018-04-02 21:51:25,540 - app - INFO - dashboard, shop: Living in the Cut
2018-04-02 21:51:56,788 - app - INFO - dashboard, shop: Living in the Cut
2018-04-02 21:52:44,810 - app - INFO - dashboard, shop: Living in the Cut
2018-04-02 21:53:45,788 - app - INFO - dashboard, shop: Living in the Cut
2018-04-02 22:24:14,935 - app - INFO - Attempting to book slot: 04/10/18 11:40, shop_id: None
2018-04-02 22:35:12,909 - app - INFO - dashboard, shop: Living in the Cut
2018-04-02 23:20:54,760 - app - INFO - dashboard, shop: Living in the Cut
2018-04-02 23:21:14,749 - app - INFO - dashboard, shop: Living in the Cut
2018-04-02 23:34:11,912 - app - INFO - dashboard, shop: Living in the Cut
2018-04-02 23:44:02,780 - app - INFO - dashboard, shop: Living in the Cut
2018-04-02 23:51:08,548 - app - INFO - dashboard, shop: Living in the Cut
2018-04-02 23:51:57,824 - app - INFO - dashboard, shop: Living in the Cut
2018-04-02 23:52:15,752 - app - INFO - dashboard, shop: Living in the Cut
2018-04-02 23:52:17,534 - app - INFO - dashboard, shop: Living in the Cut
2018-04-02 23:53:02,674 - app - INFO - dashboard, shop: Living in the Cut
2018-04-02 23:53:05,354 - app - INFO - dashboard, shop: Living in the Cut
2018-04-02 23:53:20,929 - app - INFO - dashboard, shop: Living in the Cut
2018-04-02 23:57:33,092 - app - INFO - dashboard, shop: Living in the Cut
2018-04-02 23:59:12,158 - app - INFO - dashboard, shop: Living in the Cut
